2.4448992727547783e-06
3.0449610968091433e-05
2.0664294510201265e-05
4.753188139670699e-05
4.029854150276887e-05
1.546179502179073e-05
4.426267775980812e-05
3.128758489081575e-05
4.204767627449975e-05
2.1017856939988173e-05
2.6707235767583137e-05
4.094318759638427e-05
4.2035759232940894e-05
1.6597604459655103e-05
2.386250790722803e-05
3.227584993338432e-05
4.850820388178239e-05
1.0957485485341948e-05
3.525356819920303e-05
4.1658457904910576e-05
3.741206284911926e-06
3.922574482042717e-05
3.969278934826169e-05
4.139644826404033e-05
1.1908575364482114e-05
8.905623170167294e-06
4.453810933482971e-05
3.7978311871545876e-05
1.971106144015326e-05
2.904624057908315e-05
1.9422030207829895e-05
1.0118603076070677e-05
1.7320702720295613e-05
4.310968156715888e-05
1.7929581207616835e-06
1.4490154755278394e-05
1.255308611236496e-05
4.645267371146714e-05
4.289024284290883e-05
4.4135880230749235e-05
4.7001094211233507e-05
7.37765140304417e-06
4.768043008766983e-05
4.346298150130522e-05
4.83453304561828e-06
2.8897994863326653e-06
3.3227950397179615e-05
3.847461023635942e-05
1.0296507984415516e-06
3.474436061900923e-05
4.209526788361711e-05
4.511709794492345e-05
6.093827817194551e-06
4.4666458870054105e-05
